2019-12-18 00:01:25.975  INFO 32256 --- [main] c.p.f.F.c.ClientControllerTest           : Starting ClientControllerTest on amira-Vostro-5471 with PID 32256 (started by amira in /home/amira/Documents/workflow/Fatboar-Back)
2019-12-18 00:01:25.982  INFO 32256 --- [main] c.p.f.F.c.ClientControllerTest           : The following profiles are active: test
2019-12-18 00:01:27.026  INFO 32256 --- [main] .s.d.r.c.RepositoryConfigurationDelegate : Bootstrapping Spring Data repositories in DEFAULT mode.
2019-12-18 00:01:27.165  INFO 32256 --- [main] .s.d.r.c.RepositoryConfigurationDelegate : Finished Spring Data repository scanning in 121ms. Found 9 repository interfaces.
2019-12-18 00:01:27.701  INFO 32256 --- [main] trationDelegate$BeanPostProcessorChecker : Bean 'org.springframework.transaction.annotation.ProxyTransactionManagementConfiguration' of type [org.springframework.transaction.annotation.ProxyTransactionManagementConfiguration$$EnhancerBySpringCGLIB$$e3208ec7] is not eligible for getting processed by all BeanPostProcessors (for example: not eligible for auto-proxying)
2019-12-18 00:01:27.915  INFO 32256 --- [main] com.zaxxer.hikari.HikariDataSource       : HikariPool-1 - Starting...
2019-12-18 00:01:28.159  INFO 32256 --- [main] com.zaxxer.hikari.HikariDataSource       : HikariPool-1 - Start completed.
2019-12-18 00:01:28.228  INFO 32256 --- [main] o.hibernate.jpa.internal.util.LogHelper  : HHH000204: Processing PersistenceUnitInfo [
	name: default
	...]
2019-12-18 00:01:28.282  INFO 32256 --- [main] org.hibernate.Version                    : HHH000412: Hibernate Core {5.3.10.Final}
2019-12-18 00:01:28.283  INFO 32256 --- [main] org.hibernate.cfg.Environment            : HHH000206: hibernate.properties not found
2019-12-18 00:01:28.404  INFO 32256 --- [main] o.hibernate.annotations.common.Version   : HCANN000001: Hibernate Commons Annotations {5.0.4.Final}
2019-12-18 00:01:28.533  INFO 32256 --- [main] org.hibernate.dialect.Dialect            : HHH000400: Using dialect: org.hibernate.dialect.MySQL5InnoDBDialect
2019-12-18 00:01:29.196  INFO 32256 --- [main] org.hibernate.tuple.PojoInstantiator     : HHH000182: No default (no-argument) constructor for class: com.pfa.fatboar.FatboarBack.models.Role (class must be instantiated by Interceptor)
2019-12-18 00:01:29.429  INFO 32256 --- [main] j.LocalContainerEntityManagerFactoryBean : Initialized JPA EntityManagerFactory for persistence unit 'default'
2019-12-18 00:01:30.584  INFO 32256 --- [main] o.s.s.web.DefaultSecurityFilterChain     : Creating filter chain: any request, [org.springframework.security.web.context.request.async.WebAsyncManagerIntegrationFilter@1e258d3b, org.springframework.security.web.context.SecurityContextPersistenceFilter@5341641d, org.springframework.security.web.header.HeaderWriterFilter@5ad0c70a, org.springframework.security.web.authentication.logout.LogoutFilter@24018c8b, org.springframework.security.oauth2.client.web.OAuth2AuthorizationRequestRedirectFilter@3c3ab672, org.springframework.security.oauth2.client.web.OAuth2LoginAuthenticationFilter@1e8bccfb, com.pfa.fatboar.FatboarBack.security.JwtAuthenticationFilter@4ec0229c, org.springframework.security.web.savedrequest.RequestCacheAwareFilter@7b3c0ecb, org.springframework.security.web.servletapi.SecurityContextHolderAwareRequestFilter@17befef0, org.springframework.security.web.authentication.AnonymousAuthenticationFilter@2b6fcca1, org.springframework.security.web.session.SessionManagementFilter@75805562, org.springframework.security.web.access.ExceptionTranslationFilter@6de33fde, org.springframework.security.web.access.intercept.FilterSecurityInterceptor@70ee1963]
2019-12-18 00:01:31.366  INFO 32256 --- [main] o.s.s.concurrent.ThreadPoolTaskExecutor  : Initializing ExecutorService 'applicationTaskExecutor'
2019-12-18 00:01:31.428  WARN 32256 --- [main] aWebConfiguration$JpaWebMvcConfiguration : spring.jpa.open-in-view is enabled by default. Therefore, database queries may be performed during view rendering. Explicitly configure spring.jpa.open-in-view to disable this warning
2019-12-18 00:01:31.935  INFO 32256 --- [main] o.s.b.t.m.w.SpringBootMockServletContext : Initializing Spring TestDispatcherServlet ''
2019-12-18 00:01:31.935  INFO 32256 --- [main] o.s.t.web.servlet.TestDispatcherServlet  : Initializing Servlet ''
2019-12-18 00:01:31.951  INFO 32256 --- [main] o.s.t.web.servlet.TestDispatcherServlet  : Completed initialization in 16 ms
2019-12-18 00:01:31.980  INFO 32256 --- [main] c.p.f.F.c.ClientControllerTest           : Started ClientControllerTest in 6.48 seconds (JVM running for 7.311)
2019-12-18 00:01:32.064  WARN 32256 --- [main] c.p.f.F.s.JwtAuthenticationFilter        : couldn't find bearer string, will ignore the header
2019-12-18 00:01:32.120  INFO 32256 --- [Thread-4] o.s.s.concurrent.ThreadPoolTaskExecutor  : Shutting down ExecutorService 'applicationTaskExecutor'
2019-12-18 00:01:32.126  INFO 32256 --- [Thread-4] j.LocalContainerEntityManagerFactoryBean : Closing JPA EntityManagerFactory for persistence unit 'default'
2019-12-18 00:01:32.132  INFO 32256 --- [Thread-4] com.zaxxer.hikari.HikariDataSource       : HikariPool-1 - Shutdown initiated...
2019-12-18 00:01:32.145  INFO 32256 --- [Thread-4] com.zaxxer.hikari.HikariDataSource       : HikariPool-1 - Shutdown completed.
2019-12-18 00:03:34.851  INFO 32482 --- [main] c.p.f.F.c.ClientControllerTest           : Starting ClientControllerTest on amira-Vostro-5471 with PID 32482 (started by amira in /home/amira/Documents/workflow/Fatboar-Back)
2019-12-18 00:03:34.852  INFO 32482 --- [main] c.p.f.F.c.ClientControllerTest           : The following profiles are active: test
2019-12-18 00:03:35.882  INFO 32482 --- [main] .s.d.r.c.RepositoryConfigurationDelegate : Bootstrapping Spring Data repositories in DEFAULT mode.
2019-12-18 00:03:36.046  INFO 32482 --- [main] .s.d.r.c.RepositoryConfigurationDelegate : Finished Spring Data repository scanning in 149ms. Found 9 repository interfaces.
2019-12-18 00:03:36.765  INFO 32482 --- [main] trationDelegate$BeanPostProcessorChecker : Bean 'org.springframework.transaction.annotation.ProxyTransactionManagementConfiguration' of type [org.springframework.transaction.annotation.ProxyTransactionManagementConfiguration$$EnhancerBySpringCGLIB$$fc837bc9] is not eligible for getting processed by all BeanPostProcessors (for example: not eligible for auto-proxying)
2019-12-18 00:03:37.011  INFO 32482 --- [main] com.zaxxer.hikari.HikariDataSource       : HikariPool-1 - Starting...
2019-12-18 00:03:37.292  INFO 32482 --- [main] com.zaxxer.hikari.HikariDataSource       : HikariPool-1 - Start completed.
2019-12-18 00:03:37.359  INFO 32482 --- [main] o.hibernate.jpa.internal.util.LogHelper  : HHH000204: Processing PersistenceUnitInfo [
	name: default
	...]
2019-12-18 00:03:37.421  INFO 32482 --- [main] org.hibernate.Version                    : HHH000412: Hibernate Core {5.3.10.Final}
2019-12-18 00:03:37.423  INFO 32482 --- [main] org.hibernate.cfg.Environment            : HHH000206: hibernate.properties not found
2019-12-18 00:03:37.557  INFO 32482 --- [main] o.hibernate.annotations.common.Version   : HCANN000001: Hibernate Commons Annotations {5.0.4.Final}
2019-12-18 00:03:37.730  INFO 32482 --- [main] org.hibernate.dialect.Dialect            : HHH000400: Using dialect: org.hibernate.dialect.MySQL5InnoDBDialect
2019-12-18 00:03:38.433  INFO 32482 --- [main] org.hibernate.tuple.PojoInstantiator     : HHH000182: No default (no-argument) constructor for class: com.pfa.fatboar.FatboarBack.models.Role (class must be instantiated by Interceptor)
2019-12-18 00:03:38.704  INFO 32482 --- [main] j.LocalContainerEntityManagerFactoryBean : Initialized JPA EntityManagerFactory for persistence unit 'default'
2019-12-18 00:03:40.146  INFO 32482 --- [main] o.s.s.web.DefaultSecurityFilterChain     : Creating filter chain: any request, [org.springframework.security.web.context.request.async.WebAsyncManagerIntegrationFilter@48a61e38, org.springframework.security.web.context.SecurityContextPersistenceFilter@7683ea43, org.springframework.security.web.header.HeaderWriterFilter@247a8411, org.springframework.security.web.authentication.logout.LogoutFilter@47f416d0, org.springframework.security.oauth2.client.web.OAuth2AuthorizationRequestRedirectFilter@71806c64, org.springframework.security.oauth2.client.web.OAuth2LoginAuthenticationFilter@1e2c0292, com.pfa.fatboar.FatboarBack.security.JwtAuthenticationFilter@23ade612, org.springframework.security.web.savedrequest.RequestCacheAwareFilter@18356951, org.springframework.security.web.servletapi.SecurityContextHolderAwareRequestFilter@43edd2ea, org.springframework.security.web.authentication.AnonymousAuthenticationFilter@52a3eef8, org.springframework.security.web.session.SessionManagementFilter@820b78a, org.springframework.security.web.access.ExceptionTranslationFilter@28dd8786, org.springframework.security.web.access.intercept.FilterSecurityInterceptor@41f61188]
2019-12-18 00:03:40.993  INFO 32482 --- [main] o.s.s.concurrent.ThreadPoolTaskExecutor  : Initializing ExecutorService 'applicationTaskExecutor'
2019-12-18 00:03:41.066  WARN 32482 --- [main] aWebConfiguration$JpaWebMvcConfiguration : spring.jpa.open-in-view is enabled by default. Therefore, database queries may be performed during view rendering. Explicitly configure spring.jpa.open-in-view to disable this warning
2019-12-18 00:03:41.803  INFO 32482 --- [main] o.s.b.t.m.w.SpringBootMockServletContext : Initializing Spring TestDispatcherServlet ''
2019-12-18 00:03:41.803  INFO 32482 --- [main] o.s.t.web.servlet.TestDispatcherServlet  : Initializing Servlet ''
2019-12-18 00:03:41.824  INFO 32482 --- [main] o.s.t.web.servlet.TestDispatcherServlet  : Completed initialization in 21 ms
2019-12-18 00:03:41.865  INFO 32482 --- [main] c.p.f.F.c.ClientControllerTest           : Started ClientControllerTest in 7.522 seconds (JVM running for 8.73)
2019-12-18 00:04:06.037  WARN 32482 --- [main] .w.s.m.s.DefaultHandlerExceptionResolver : Resolved [org.springframework.http.converter.HttpMessageNotReadableException: Required request body is missing: public org.springframework.http.ResponseEntity<?> com.pfa.fatboar.FatboarBack.controllers.ClientController.signup(com.pfa.fatboar.FatboarBack.payload.SignupRequest)]
2019-12-18 00:04:57.144  WARN 32482 --- [HikariPool-1 housekeeper] com.zaxxer.hikari.pool.HikariPool        : HikariPool-1 - Thread starvation or clock leap detected (housekeeper delta=1m19s751ms518µs6ns).
2019-12-18 00:04:57.183  INFO 32482 --- [Thread-4] o.s.s.concurrent.ThreadPoolTaskExecutor  : Shutting down ExecutorService 'applicationTaskExecutor'
2019-12-18 00:04:57.189  INFO 32482 --- [Thread-4] j.LocalContainerEntityManagerFactoryBean : Closing JPA EntityManagerFactory for persistence unit 'default'
2019-12-18 00:04:57.199  INFO 32482 --- [Thread-4] com.zaxxer.hikari.HikariDataSource       : HikariPool-1 - Shutdown initiated...
2019-12-18 00:04:57.214  INFO 32482 --- [Thread-4] com.zaxxer.hikari.HikariDataSource       : HikariPool-1 - Shutdown completed.
2019-12-18 00:11:30.070  INFO 1270 --- [main] c.p.f.F.c.ClientControllerTest           : Starting ClientControllerTest on amira-Vostro-5471 with PID 1270 (started by amira in /home/amira/Documents/workflow/Fatboar-Back)
2019-12-18 00:11:30.072  INFO 1270 --- [main] c.p.f.F.c.ClientControllerTest           : The following profiles are active: test
2019-12-18 00:11:31.772  INFO 1270 --- [main] .s.d.r.c.RepositoryConfigurationDelegate : Bootstrapping Spring Data repositories in DEFAULT mode.
2019-12-18 00:11:31.938  INFO 1270 --- [main] .s.d.r.c.RepositoryConfigurationDelegate : Finished Spring Data repository scanning in 148ms. Found 9 repository interfaces.
2019-12-18 00:11:32.726  INFO 1270 --- [main] trationDelegate$BeanPostProcessorChecker : Bean 'org.springframework.transaction.annotation.ProxyTransactionManagementConfiguration' of type [org.springframework.transaction.annotation.ProxyTransactionManagementConfiguration$$EnhancerBySpringCGLIB$$f3f85156] is not eligible for getting processed by all BeanPostProcessors (for example: not eligible for auto-proxying)
2019-12-18 00:11:33.499  INFO 1270 --- [main] com.zaxxer.hikari.HikariDataSource       : HikariPool-1 - Starting...
2019-12-18 00:11:33.971  INFO 1270 --- [main] com.zaxxer.hikari.HikariDataSource       : HikariPool-1 - Start completed.
2019-12-18 00:11:34.137  INFO 1270 --- [main] o.hibernate.jpa.internal.util.LogHelper  : HHH000204: Processing PersistenceUnitInfo [
	name: default
	...]
2019-12-18 00:11:34.337  INFO 1270 --- [main] org.hibernate.Version                    : HHH000412: Hibernate Core {5.3.10.Final}
2019-12-18 00:11:34.343  INFO 1270 --- [main] org.hibernate.cfg.Environment            : HHH000206: hibernate.properties not found
2019-12-18 00:11:35.013  INFO 1270 --- [main] o.hibernate.annotations.common.Version   : HCANN000001: Hibernate Commons Annotations {5.0.4.Final}
2019-12-18 00:11:35.229  INFO 1270 --- [main] org.hibernate.dialect.Dialect            : HHH000400: Using dialect: org.hibernate.dialect.MySQL5InnoDBDialect
2019-12-18 00:11:36.461  INFO 1270 --- [main] org.hibernate.tuple.PojoInstantiator     : HHH000182: No default (no-argument) constructor for class: com.pfa.fatboar.FatboarBack.models.Role (class must be instantiated by Interceptor)
2019-12-18 00:11:36.993  INFO 1270 --- [main] j.LocalContainerEntityManagerFactoryBean : Initialized JPA EntityManagerFactory for persistence unit 'default'
2019-12-18 00:11:40.065  INFO 1270 --- [main] o.s.s.web.DefaultSecurityFilterChain     : Creating filter chain: any request, [org.springframework.security.web.context.request.async.WebAsyncManagerIntegrationFilter@763ddfc3, org.springframework.security.web.context.SecurityContextPersistenceFilter@3a7d6976, org.springframework.security.web.header.HeaderWriterFilter@6167a456, org.springframework.security.web.authentication.logout.LogoutFilter@458704ee, org.springframework.security.oauth2.client.web.OAuth2AuthorizationRequestRedirectFilter@5fd5d6d1, org.springframework.security.oauth2.client.web.OAuth2LoginAuthenticationFilter@5e643402, com.pfa.fatboar.FatboarBack.security.JwtAuthenticationFilter@24a1858a, org.springframework.security.web.savedrequest.RequestCacheAwareFilter@55300b93, org.springframework.security.web.servletapi.SecurityContextHolderAwareRequestFilter@775a5a67, org.springframework.security.web.authentication.AnonymousAuthenticationFilter@7010c9e4, org.springframework.security.web.session.SessionManagementFilter@6d01f2e5, org.springframework.security.web.access.ExceptionTranslationFilter@257708e, org.springframework.security.web.access.intercept.FilterSecurityInterceptor@7683d632]
2019-12-18 00:11:41.016  INFO 1270 --- [main] o.s.s.concurrent.ThreadPoolTaskExecutor  : Initializing ExecutorService 'applicationTaskExecutor'
2019-12-18 00:11:41.126  WARN 1270 --- [main] aWebConfiguration$JpaWebMvcConfiguration : spring.jpa.open-in-view is enabled by default. Therefore, database queries may be performed during view rendering. Explicitly configure spring.jpa.open-in-view to disable this warning
2019-12-18 00:11:42.111  INFO 1270 --- [main] o.s.b.t.m.w.SpringBootMockServletContext : Initializing Spring TestDispatcherServlet ''
2019-12-18 00:11:42.112  INFO 1270 --- [main] o.s.t.web.servlet.TestDispatcherServlet  : Initializing Servlet ''
2019-12-18 00:11:42.143  INFO 1270 --- [main] o.s.t.web.servlet.TestDispatcherServlet  : Completed initialization in 31 ms
2019-12-18 00:11:42.197  INFO 1270 --- [main] c.p.f.F.c.ClientControllerTest           : Started ClientControllerTest in 12.81 seconds (JVM running for 14.349)
2019-12-18 00:11:48.087  WARN 1270 --- [main] .w.s.m.s.DefaultHandlerExceptionResolver : Resolved [org.springframework.http.converter.HttpMessageNotReadableException: Required request body is missing: public org.springframework.http.ResponseEntity<?> com.pfa.fatboar.FatboarBack.controllers.ClientController.signup(com.pfa.fatboar.FatboarBack.payload.SignupRequest)]
2019-12-18 00:11:55.186  INFO 1270 --- [Thread-4] o.s.s.concurrent.ThreadPoolTaskExecutor  : Shutting down ExecutorService 'applicationTaskExecutor'
2019-12-18 00:11:55.194  INFO 1270 --- [Thread-4] j.LocalContainerEntityManagerFactoryBean : Closing JPA EntityManagerFactory for persistence unit 'default'
2019-12-18 00:11:55.207  INFO 1270 --- [Thread-4] com.zaxxer.hikari.HikariDataSource       : HikariPool-1 - Shutdown initiated...
2019-12-18 00:11:55.232  INFO 1270 --- [Thread-4] com.zaxxer.hikari.HikariDataSource       : HikariPool-1 - Shutdown completed.
2019-12-18 00:13:30.312  INFO 1799 --- [main] c.p.f.F.c.ClientControllerTest           : Starting ClientControllerTest on amira-Vostro-5471 with PID 1799 (started by amira in /home/amira/Documents/workflow/Fatboar-Back)
2019-12-18 00:13:30.313  INFO 1799 --- [main] c.p.f.F.c.ClientControllerTest           : The following profiles are active: test
2019-12-18 00:13:31.839  INFO 1799 --- [main] .s.d.r.c.RepositoryConfigurationDelegate : Bootstrapping Spring Data repositories in DEFAULT mode.
2019-12-18 00:13:32.072  INFO 1799 --- [main] .s.d.r.c.RepositoryConfigurationDelegate : Finished Spring Data repository scanning in 218ms. Found 9 repository interfaces.
2019-12-18 00:13:32.915  INFO 1799 --- [main] trationDelegate$BeanPostProcessorChecker : Bean 'org.springframework.transaction.annotation.ProxyTransactionManagementConfiguration' of type [org.springframework.transaction.annotation.ProxyTransactionManagementConfiguration$$EnhancerBySpringCGLIB$$beef4f47] is not eligible for getting processed by all BeanPostProcessors (for example: not eligible for auto-proxying)
2019-12-18 00:13:33.660  INFO 1799 --- [main] com.zaxxer.hikari.HikariDataSource       : HikariPool-1 - Starting...
2019-12-18 00:13:34.009  INFO 1799 --- [main] com.zaxxer.hikari.HikariDataSource       : HikariPool-1 - Start completed.
2019-12-18 00:13:34.097  INFO 1799 --- [main] o.hibernate.jpa.internal.util.LogHelper  : HHH000204: Processing PersistenceUnitInfo [
	name: default
	...]
2019-12-18 00:13:34.281  INFO 1799 --- [main] org.hibernate.Version                    : HHH000412: Hibernate Core {5.3.10.Final}
2019-12-18 00:13:34.292  INFO 1799 --- [main] org.hibernate.cfg.Environment            : HHH000206: hibernate.properties not found
2019-12-18 00:13:34.576  INFO 1799 --- [main] o.hibernate.annotations.common.Version   : HCANN000001: Hibernate Commons Annotations {5.0.4.Final}
2019-12-18 00:13:34.812  INFO 1799 --- [main] org.hibernate.dialect.Dialect            : HHH000400: Using dialect: org.hibernate.dialect.MySQL5InnoDBDialect
2019-12-18 00:13:35.830  INFO 1799 --- [main] org.hibernate.tuple.PojoInstantiator     : HHH000182: No default (no-argument) constructor for class: com.pfa.fatboar.FatboarBack.models.Role (class must be instantiated by Interceptor)
2019-12-18 00:13:36.329  INFO 1799 --- [main] j.LocalContainerEntityManagerFactoryBean : Initialized JPA EntityManagerFactory for persistence unit 'default'
2019-12-18 00:13:38.142  INFO 1799 --- [main] o.s.s.web.DefaultSecurityFilterChain     : Creating filter chain: any request, [org.springframework.security.web.context.request.async.WebAsyncManagerIntegrationFilter@18cb4ed1, org.springframework.security.web.context.SecurityContextPersistenceFilter@64f2b1b4, org.springframework.security.web.header.HeaderWriterFilter@54224125, org.springframework.security.web.authentication.logout.LogoutFilter@18139a43, org.springframework.security.oauth2.client.web.OAuth2AuthorizationRequestRedirectFilter@68dbe225, org.springframework.security.oauth2.client.web.OAuth2LoginAuthenticationFilter@145ef9e8, com.pfa.fatboar.FatboarBack.security.JwtAuthenticationFilter@3d01b609, org.springframework.security.web.savedrequest.RequestCacheAwareFilter@4b808427, org.springframework.security.web.servletapi.SecurityContextHolderAwareRequestFilter@6d94a966, org.springframework.security.web.authentication.AnonymousAuthenticationFilter@10abd94f, org.springframework.security.web.session.SessionManagementFilter@feab3ae, org.springframework.security.web.access.ExceptionTranslationFilter@44d6f9cf, org.springframework.security.web.access.intercept.FilterSecurityInterceptor@63614cdd]
2019-12-18 00:13:39.226  INFO 1799 --- [main] o.s.s.concurrent.ThreadPoolTaskExecutor  : Initializing ExecutorService 'applicationTaskExecutor'
2019-12-18 00:13:39.320  WARN 1799 --- [main] aWebConfiguration$JpaWebMvcConfiguration : spring.jpa.open-in-view is enabled by default. Therefore, database queries may be performed during view rendering. Explicitly configure spring.jpa.open-in-view to disable this warning
2019-12-18 00:13:40.137  INFO 1799 --- [main] o.s.b.t.m.w.SpringBootMockServletContext : Initializing Spring TestDispatcherServlet ''
2019-12-18 00:13:40.137  INFO 1799 --- [main] o.s.t.web.servlet.TestDispatcherServlet  : Initializing Servlet ''
2019-12-18 00:13:40.159  INFO 1799 --- [main] o.s.t.web.servlet.TestDispatcherServlet  : Completed initialization in 22 ms
2019-12-18 00:13:40.208  INFO 1799 --- [main] c.p.f.F.c.ClientControllerTest           : Started ClientControllerTest in 10.554 seconds (JVM running for 11.987)
2019-12-18 00:13:51.617  INFO 1799 --- [main] o.h.h.i.QueryTranslatorFactoryInitiator  : HHH000397: Using ASTQueryTranslatorFactory
2019-12-18 00:13:58.050  INFO 1799 --- [Thread-4] o.s.s.concurrent.ThreadPoolTaskExecutor  : Shutting down ExecutorService 'applicationTaskExecutor'
2019-12-18 00:13:58.054  INFO 1799 --- [Thread-4] j.LocalContainerEntityManagerFactoryBean : Closing JPA EntityManagerFactory for persistence unit 'default'
2019-12-18 00:13:58.062  INFO 1799 --- [Thread-4] com.zaxxer.hikari.HikariDataSource       : HikariPool-1 - Shutdown initiated...
2019-12-18 00:13:58.090  INFO 1799 --- [Thread-4] com.zaxxer.hikari.HikariDataSource       : HikariPool-1 - Shutdown completed.
2019-12-18 00:26:20.597  INFO 2884 --- [main] c.p.f.F.c.ClientControllerTest           : Starting ClientControllerTest on amira-Vostro-5471 with PID 2884 (started by amira in /home/amira/Documents/workflow/Fatboar-Back)
2019-12-18 00:26:20.598  INFO 2884 --- [main] c.p.f.F.c.ClientControllerTest           : The following profiles are active: test
2019-12-18 00:26:22.166  INFO 2884 --- [main] .s.d.r.c.RepositoryConfigurationDelegate : Bootstrapping Spring Data repositories in DEFAULT mode.
2019-12-18 00:26:22.358  INFO 2884 --- [main] .s.d.r.c.RepositoryConfigurationDelegate : Finished Spring Data repository scanning in 173ms. Found 9 repository interfaces.
2019-12-18 00:26:23.085  INFO 2884 --- [main] trationDelegate$BeanPostProcessorChecker : Bean 'org.springframework.transaction.annotation.ProxyTransactionManagementConfiguration' of type [org.springframework.transaction.annotation.ProxyTransactionManagementConfiguration$$EnhancerBySpringCGLIB$$2a6b9f2c] is not eligible for getting processed by all BeanPostProcessors (for example: not eligible for auto-proxying)
2019-12-18 00:26:23.342  INFO 2884 --- [main] com.zaxxer.hikari.HikariDataSource       : HikariPool-1 - Starting...
2019-12-18 00:26:23.608  INFO 2884 --- [main] com.zaxxer.hikari.HikariDataSource       : HikariPool-1 - Start completed.
2019-12-18 00:26:23.691  INFO 2884 --- [main] o.hibernate.jpa.internal.util.LogHelper  : HHH000204: Processing PersistenceUnitInfo [
	name: default
	...]
2019-12-18 00:26:23.782  INFO 2884 --- [main] org.hibernate.Version                    : HHH000412: Hibernate Core {5.3.10.Final}
2019-12-18 00:26:23.784  INFO 2884 --- [main] org.hibernate.cfg.Environment            : HHH000206: hibernate.properties not found
2019-12-18 00:26:23.991  INFO 2884 --- [main] o.hibernate.annotations.common.Version   : HCANN000001: Hibernate Commons Annotations {5.0.4.Final}
2019-12-18 00:26:24.200  INFO 2884 --- [main] org.hibernate.dialect.Dialect            : HHH000400: Using dialect: org.hibernate.dialect.MySQL5InnoDBDialect
2019-12-18 00:26:24.983  INFO 2884 --- [main] org.hibernate.tuple.PojoInstantiator     : HHH000182: No default (no-argument) constructor for class: com.pfa.fatboar.FatboarBack.models.Role (class must be instantiated by Interceptor)
2019-12-18 00:26:25.527  INFO 2884 --- [main] j.LocalContainerEntityManagerFactoryBean : Initialized JPA EntityManagerFactory for persistence unit 'default'
2019-12-18 00:26:27.384  INFO 2884 --- [main] o.s.s.web.DefaultSecurityFilterChain     : Creating filter chain: any request, [org.springframework.security.web.context.request.async.WebAsyncManagerIntegrationFilter@ec1b776, org.springframework.security.web.context.SecurityContextPersistenceFilter@1d988297, org.springframework.security.web.header.HeaderWriterFilter@7ba623d1, org.springframework.security.web.authentication.logout.LogoutFilter@4626f584, org.springframework.security.oauth2.client.web.OAuth2AuthorizationRequestRedirectFilter@3f31892e, org.springframework.security.oauth2.client.web.OAuth2LoginAuthenticationFilter@3cd89c72, com.pfa.fatboar.FatboarBack.security.JwtAuthenticationFilter@51d9479c, org.springframework.security.web.savedrequest.RequestCacheAwareFilter@118879d2, org.springframework.security.web.servletapi.SecurityContextHolderAwareRequestFilter@7c3223aa, org.springframework.security.web.authentication.AnonymousAuthenticationFilter@2e3b4394, org.springframework.security.web.session.SessionManagementFilter@6dbdbb69, org.springframework.security.web.access.ExceptionTranslationFilter@24fc9aa5, org.springframework.security.web.access.intercept.FilterSecurityInterceptor@5a941fb4]
2019-12-18 00:26:28.201  INFO 2884 --- [main] o.s.s.concurrent.ThreadPoolTaskExecutor  : Initializing ExecutorService 'applicationTaskExecutor'
2019-12-18 00:26:28.303  WARN 2884 --- [main] aWebConfiguration$JpaWebMvcConfiguration : spring.jpa.open-in-view is enabled by default. Therefore, database queries may be performed during view rendering. Explicitly configure spring.jpa.open-in-view to disable this warning
2019-12-18 00:26:29.088  INFO 2884 --- [main] o.s.b.t.m.w.SpringBootMockServletContext : Initializing Spring TestDispatcherServlet ''
2019-12-18 00:26:29.088  INFO 2884 --- [main] o.s.t.web.servlet.TestDispatcherServlet  : Initializing Servlet ''
2019-12-18 00:26:29.116  INFO 2884 --- [main] o.s.t.web.servlet.TestDispatcherServlet  : Completed initialization in 28 ms
2019-12-18 00:26:29.159  INFO 2884 --- [main] c.p.f.F.c.ClientControllerTest           : Started ClientControllerTest in 9.121 seconds (JVM running for 10.438)
2019-12-18 00:26:52.231  INFO 2884 --- [main] o.h.h.i.QueryTranslatorFactoryInitiator  : HHH000397: Using ASTQueryTranslatorFactory
2019-12-18 00:26:52.958  INFO 2884 --- [Thread-4] o.s.s.concurrent.ThreadPoolTaskExecutor  : Shutting down ExecutorService 'applicationTaskExecutor'
2019-12-18 00:26:52.974  INFO 2884 --- [Thread-4] j.LocalContainerEntityManagerFactoryBean : Closing JPA EntityManagerFactory for persistence unit 'default'
2019-12-18 00:26:53.002  INFO 2884 --- [Thread-4] com.zaxxer.hikari.HikariDataSource       : HikariPool-1 - Shutdown initiated...
2019-12-18 00:26:53.037  INFO 2884 --- [Thread-4] com.zaxxer.hikari.HikariDataSource       : HikariPool-1 - Shutdown completed.
